<?xml version="1.0" encoding="UTF-8"?>
<!-- Generated by org.testng.reporters.JUnitReportReporter -->
<testsuite hostname="LAPTOP-FIUMADT0" failures="0" tests="1" name="testCaseRepo.TC_001" time="31.633" errors="0" timestamp="2025-06-23T13:02:21 IST" skipped="0">
  <testcase classname="testCaseRepo.TC_001" name="LE_001" time="31.633">
    <system-out>
      <![CDATA[LE_001 -on Test start executed
LE_001 -on Test success executed]]>
    </system-out>
  </testcase> <!-- LE_001 -->
  <system-out>
    <![CDATA[LE_001 -on Test start executed
LE_001 -on Test success executed]]>
  </system-out>
</testsuite> <!-- testCaseRepo.TC_001 -->
