<?xml version="1.0" encoding="UTF-8"?>
<!-- Generated by org.testng.reporters.JUnitReportReporter -->
<testsuite hostname="LAPTOP-FIUMADT0" failures="0" tests="1" name="testCaseRepo.TC_001Test" time="12.707" errors="0" timestamp="2025-06-25T12:01:42 IST" skipped="0">
  <testcase classname="testCaseRepo.TC_001Test" name="m1" time="12.707">
    <system-out>
      <![CDATA[m1 -on Test start executed
m1 -on Test success executed]]>
    </system-out>
  </testcase> <!-- m1 -->
  <system-out>
    <![CDATA[m1 -on Test start executed
m1 -on Test success executed]]>
  </system-out>
</testsuite> <!-- testCaseRepo.TC_001Test -->
