<?xml version="1.0" encoding="UTF-8"?>
<!-- Generated by org.testng.reporters.JUnitReportReporter -->
<testsuite hostname="LAPTOP-FIUMADT0" failures="0" tests="1" name="testCaseRepo.TC_004" time="27.380" errors="0" timestamp="2025-06-19T11:42:47 IST" skipped="0">
  <testcase classname="testCaseRepo.TC_004" name="CON_001" time="27.380"/>
</testsuite> <!-- testCaseRepo.TC_004 -->
